<?xml version="1.0" encoding="UTF-8"?>
<!-- Generated by org.testng.reporters.JUnitXMLReporter -->
<testsuite hostname="MN10LT5TYMGC2" ignored="0" name="Default test" tests="3" failures="0" timestamp="25 Mar 2019 19:24:30 GMT" time="32.477" errors="0">
  <testcase name="login" time="13.752" classname="FrameworkFullGroupID.FrameworkFullArtifactID.LoginTest"/>
  <testcase name="login" time="7.3" classname="FrameworkFullGroupID.FrameworkFullArtifactID.LoginTest"/>
  <testcase name="login" time="5.976" classname="FrameworkFullGroupID.FrameworkFullArtifactID.LoginTest"/>
</testsuite> <!-- Default test -->
