<?xml version="1.0" encoding="UTF-8"?>
<!-- Generated by org.testng.reporters.JUnitXMLReporter -->
<testsuite hostname="MN10LT5TYMGC2" ignored="0" name="ValidateTitle" tests="1" failures="1" timestamp="23 Mar 2019 00:39:24 GMT" time="7.594" errors="0">
  <testcase name="validate" time="0.095" classname="FrameworkFullGroupID.FrameworkFullArtifactID.ValidateTitle">
    <failure type="junit.framework.ComparisonFailure" message="expected:&amp;lt;...k...&amp;gt; but was:&amp;lt;......&amp;gt;">
      <![CDATA[junit.framework.ComparisonFailure: expected:<...k...> but was:<......>
at junit.framework.Assert.assertEquals(Assert.java:81)
at junit.framework.Assert.assertEquals(Assert.java:87)
at FrameworkFullGroupID.FrameworkFullArtifactID.ValidateTitle.validate(ValidateTitle.java:23)
... Removed 25 stack frames]]>
    </failure>
  </testcase> <!-- validate -->
</testsuite> <!-- ValidateTitle -->
